<?xml version="1.0" encoding="UTF-8"?>
<testng-results skipped="0" failed="0" ignored="0" total="1" passed="1">
  <reporter-output>
  </reporter-output>
  <suite name="Default suite" duration-ms="68004" started-at="2020-10-12T13:50:09 IST" finished-at="2020-10-12T13:51:17 IST">
    <groups>
    </groups>
    <test name="Default test" duration-ms="68004" started-at="2020-10-12T13:50:09 IST" finished-at="2020-10-12T13:51:17 IST">
      <class name="com.onlinehotel.NewTest">
        <test-method status="PASS" signature="beforeClass()[pri:0, instance:com.onlinehotel.NewTest@4bbfb90a]" name="beforeClass" is-config="true" duration-ms="5" started-at="2020-10-12T13:50:09 IST" finished-at="2020-10-12T13:50:09 IST">
          <reporter-output>
          </reporter-output>
        </test-method> <!-- beforeClass -->
        <test-method status="PASS" signature="init()[pri:0, instance:com.onlinehotel.NewTest@4bbfb90a]" name="init" is-config="true" duration-ms="8360" started-at="2020-10-12T13:50:09 IST" finished-at="2020-10-12T13:50:17 IST">
          <reporter-output>
          </reporter-output>
        </test-method> <!-- init -->
        <test-method status="PASS" signature="booking()[pri:0, instance:com.onlinehotel.NewTest@4bbfb90a]" name="booking" duration-ms="59600" started-at="2020-10-12T13:50:17 IST" finished-at="2020-10-12T13:51:17 IST">
          <reporter-output>
          </reporter-output>
        </test-method> <!-- booking -->
        <test-method status="PASS" signature="afterMethod()[pri:0, instance:com.onlinehotel.NewTest@4bbfb90a]" name="afterMethod" is-config="true" duration-ms="0" started-at="2020-10-12T13:51:17 IST" finished-at="2020-10-12T13:51:17 IST">
          <reporter-output>
          </reporter-output>
        </test-method> <!-- afterMethod -->
        <test-method status="PASS" signature="afterClass()[pri:0, instance:com.onlinehotel.NewTest@4bbfb90a]" name="afterClass" is-config="true" duration-ms="1" started-at="2020-10-12T13:51:17 IST" finished-at="2020-10-12T13:51:17 IST">
          <reporter-output>
          </reporter-output>
        </test-method> <!-- afterClass -->
      </class> <!-- com.onlinehotel.NewTest -->
    </test> <!-- Default test -->
  </suite> <!-- Default suite -->
</testng-results>
